<?xml version="1.0" encoding="UTF-8"?>
<testng-results ignored="0" total="10" passed="6" failed="4" skipped="0">
  <reporter-output>
  </reporter-output>
  <suite started-at="2025-02-20T23:30:51 IST" name="Suite" finished-at="2025-02-20T23:37:12 IST" duration-ms="380922">
    <groups>
    </groups>
    <test started-at="2025-02-20T23:30:51 IST" name="Test" finished-at="2025-02-20T23:37:12 IST" duration-ms="380922">
      <class name="testscripts.TC08_ResetFilterAddToWishlist">
        <test-method is-config="true" signature="openApp()[pri:0, instance:testscripts.TC08_ResetFilterAddToWishlist@1189dd52]" started-at="2025-02-20T23:32:48 IST" name="openApp" finished-at="2025-02-20T23:32:59 IST" duration-ms="11875" status="PASS">
          <reporter-output>
          </reporter-output>
        </test-method> <!-- openApp -->
        <test-method signature="addToWishList()[pri:0, instance:testscripts.TC08_ResetFilterAddToWishlist@1189dd52]" started-at="2025-02-20T23:32:59 IST" name="addToWishList" finished-at="2025-02-20T23:33:46 IST" duration-ms="46378" status="FAIL">
          <exception class="org.openqa.selenium.TimeoutException">
            <message>
              <![CDATA[Expected condition failed: waiting for visibility of Proxy element for: DefaultElementLocator 'By.xpath: //div[@class="product__info"]//h1' (tried for 10 second(s) with 500 milliseconds interval)]]>
            </message>
            <full-stacktrace>
              <![CDATA[org.openqa.selenium.TimeoutException: Expected condition failed: waiting for visibility of Proxy element for: DefaultElementLocator 'By.xpath: //div[@class="product__info"]//h1' (tried for 10 second(s) with 500 milliseconds interval)
at org.openqa.selenium.support.ui.WebDriverWait.timeoutException(WebDriverWait.java:84)
at org.openqa.selenium.support.ui.FluentWait.until(FluentWait.java:228)
at genericLibraries.WebDriverUtilities.waitElement(WebDriverUtilities.java:106)
at pom.ProductDetailsPage.getProductInfo(ProductDetailsPage.java:58)
at testscripts.TC08_ResetFilterAddToWishlist.addToWishList(TC08_ResetFilterAddToWishlist.java:70)
at java.base/jdk.internal.reflect.DirectMethodHandleAccessor.invoke(DirectMethodHandleAccessor.java:103)
at java.base/java.lang.reflect.Method.invoke(Method.java:580)
at org.testng.internal.MethodInvocationHelper.invokeMethod(MethodInvocationHelper.java:133)
at org.testng.internal.TestInvoker.invokeMethod(TestInvoker.java:598)
at org.testng.internal.TestInvoker.invokeTestMethod(TestInvoker.java:173)
at org.testng.internal.MethodRunner.runInSequence(MethodRunner.java:46)
at org.testng.internal.TestInvoker$MethodInvocationAgent.invoke(TestInvoker.java:824)
at org.testng.internal.TestInvoker.invokeTestMethods(TestInvoker.java:146)
at org.testng.internal.TestMethodWorker.invokeTestMethods(TestMethodWorker.java:146)
at org.testng.internal.TestMethodWorker.run(TestMethodWorker.java:128)
at java.base/java.util.ArrayList.forEach(ArrayList.java:1596)
at org.testng.TestRunner.privateRun(TestRunner.java:794)
at org.testng.TestRunner.run(TestRunner.java:596)
at org.testng.SuiteRunner.runTest(SuiteRunner.java:377)
at org.testng.SuiteRunner.runSequentially(SuiteRunner.java:371)
at org.testng.SuiteRunner.privateRun(SuiteRunner.java:332)
at org.testng.SuiteRunner.run(SuiteRunner.java:276)
at org.testng.SuiteRunnerWorker.runSuite(SuiteRunnerWorker.java:53)
at org.testng.SuiteRunnerWorker.run(SuiteRunnerWorker.java:96)
at org.testng.TestNG.runSuitesSequentially(TestNG.java:1212)
at org.testng.TestNG.runSuitesLocally(TestNG.java:1134)
at org.testng.TestNG.runSuites(TestNG.java:1063)
at org.testng.TestNG.run(TestNG.java:1031)
at org.testng.remote.AbstractRemoteTestNG.run(AbstractRemoteTestNG.java:115)
at org.testng.remote.RemoteTestNG.initAndRun(RemoteTestNG.java:293)
at org.testng.remote.RemoteTestNG.main(RemoteTestNG.java:91)
Caused by: org.openqa.selenium.NoSuchElementException: no such element: Unable to locate element: {"method":"xpath","selector":"//div[@class="product__info"]//h1"}
  (Session info: MicrosoftEdge=133.0.3065.69)
For documentation on this error, please visit: https://www.selenium.dev/documentation/webdriver/troubleshooting/errors#no-such-element-exception
Build info: version: '4.27.0', revision: 'd6e718d134'
System info: os.name: 'Windows 11', os.arch: 'amd64', os.version: '10.0', java.version: '21.0.3'
Driver info: org.openqa.selenium.edge.EdgeDriver
Command: [3365a1ea48738c4f662f0234bd09cbe1, findElement {value=//div[@class="product__info"]//h1, using=xpath}]
Capabilities {acceptInsecureCerts: false, browserName: MicrosoftEdge, browserVersion: 133.0.3065.69, fedcm:accounts: true, ms:edgeOptions: {debuggerAddress: localhost:63398}, msedge: {msedgedriverVersion: 133.0.3065.69 (c3f010c11f3e..., userDataDir: C:\Users\VC114136\AppData\L...}, networkConnectionEnabled: false, pageLoadStrategy: normal, platformName: windows, proxy: Proxy(), se:cdp: ws://localhost:63398/devtoo..., se:cdpVersion: 133.0.3065.69, setWindowRect: true, strictFileInteractability: false, timeouts: {implicit: 0, pageLoad: 300000, script: 30000}, unhandledPromptBehavior: dismiss and notify, webauthn:extension:credBlob: true, webauthn:extension:largeBlob: true, webauthn:extension:minPinLength: true, webauthn:extension:prf: true, webauthn:virtualAuthenticators: true}
Session ID: 3365a1ea48738c4f662f0234bd09cbe1
at java.base/jdk.internal.reflect.DirectConstructorHandleAccessor.newInstance(DirectConstructorHandleAccessor.java:62)
at java.base/java.lang.reflect.Constructor.newInstanceWithCaller(Constructor.java:502)
at java.base/java.lang.reflect.Constructor.newInstance(Constructor.java:486)
at org.openqa.selenium.remote.ErrorCodec.decode(ErrorCodec.java:167)
at org.openqa.selenium.remote.codec.w3c.W3CHttpResponseCodec.decode(W3CHttpResponseCodec.java:138)
at org.openqa.selenium.remote.codec.w3c.W3CHttpResponseCodec.decode(W3CHttpResponseCodec.java:50)
at org.openqa.selenium.remote.HttpCommandExecutor.execute(HttpCommandExecutor.java:190)
at org.openqa.selenium.remote.service.DriverCommandExecutor.invokeExecute(DriverCommandExecutor.java:216)
at org.openqa.selenium.remote.service.DriverCommandExecutor.execute(DriverCommandExecutor.java:174)
at org.openqa.selenium.remote.RemoteWebDriver.execute(RemoteWebDriver.java:545)
at org.openqa.selenium.remote.ElementLocation$ElementFinder$2.findElement(ElementLocation.java:165)
at org.openqa.selenium.remote.ElementLocation.findElement(ElementLocation.java:59)
at org.openqa.selenium.remote.RemoteWebDriver.findElement(RemoteWebDriver.java:368)
at org.openqa.selenium.remote.RemoteWebDriver.findElement(RemoteWebDriver.java:362)
at org.openqa.selenium.support.pagefactory.DefaultElementLocator.findElement(DefaultElementLocator.java:68)
at org.openqa.selenium.support.pagefactory.internal.LocatingElementHandler.invoke(LocatingElementHandler.java:38)
at jdk.proxy2/jdk.proxy2.$Proxy29.isDisplayed(Unknown Source)
at org.openqa.selenium.support.ui.ExpectedConditions.elementIfVisible(ExpectedConditions.java:304)
at org.openqa.selenium.support.ui.ExpectedConditions$10.apply(ExpectedConditions.java:290)
at org.openqa.selenium.support.ui.ExpectedConditions$10.apply(ExpectedConditions.java:287)
at org.openqa.selenium.support.ui.FluentWait.until(FluentWait.java:203)
... 29 more
]]>
            </full-stacktrace>
          </exception> <!-- org.openqa.selenium.TimeoutException -->
          <reporter-output>
          </reporter-output>
        </test-method> <!-- addToWishList -->
        <test-method is-config="true" signature="closeApp()[pri:0, instance:testscripts.TC08_ResetFilterAddToWishlist@1189dd52]" started-at="2025-02-20T23:33:46 IST" name="closeApp" finished-at="2025-02-20T23:33:48 IST" duration-ms="1698" status="PASS">
          <reporter-output>
          </reporter-output>
        </test-method> <!-- closeApp -->
      </class> <!-- testscripts.TC08_ResetFilterAddToWishlist -->
      <class name="testscripts.TC01_AddProductToCart">
        <test-method is-config="true" signature="openApp()[pri:0, instance:testscripts.TC01_AddProductToCart@35cabb2a]" started-at="2025-02-20T23:31:36 IST" name="openApp" finished-at="2025-02-20T23:31:50 IST" duration-ms="13332" status="PASS">
          <reporter-output>
          </reporter-output>
        </test-method> <!-- openApp -->
        <test-method signature="addToCart()[pri:0, instance:testscripts.TC01_AddProductToCart@35cabb2a]" started-at="2025-02-20T23:31:50 IST" name="addToCart" finished-at="2025-02-20T23:32:10 IST" duration-ms="20091" status="FAIL">
          <exception class="org.openqa.selenium.TimeoutException">
            <message>
              <![CDATA[Expected condition failed: waiting for element to be clickable: [[EdgeDriver: MicrosoftEdge on windows (703e92773e3d8a59c8dbddae3ae060d2)] -> xpath: //li[@class="linklist__item"]/a[contains(text(),'AC Comforter')]] (tried for 10 second(s) with 500 milliseconds interval)
Build info: version: '4.27.0', revision: 'd6e718d134'
System info: os.name: 'Windows 11', os.arch: 'amd64', os.version: '10.0', java.version: '21.0.3'
Driver info: org.openqa.selenium.edge.EdgeDriver
Capabilities {acceptInsecureCerts: false, browserName: MicrosoftEdge, browserVersion: 133.0.3065.69, fedcm:accounts: true, ms:edgeOptions: {debuggerAddress: localhost:62786}, msedge: {msedgedriverVersion: 133.0.3065.69 (c3f010c11f3e..., userDataDir: C:\Users\VC114136\AppData\L...}, networkConnectionEnabled: false, pageLoadStrategy: normal, platformName: windows, proxy: Proxy(), se:cdp: ws://localhost:62786/devtoo..., se:cdpVersion: 133.0.3065.69, setWindowRect: true, strictFileInteractability: false, timeouts: {implicit: 0, pageLoad: 300000, script: 30000}, unhandledPromptBehavior: dismiss and notify, webauthn:extension:credBlob: true, webauthn:extension:largeBlob: true, webauthn:extension:minPinLength: true, webauthn:extension:prf: true, webauthn:virtualAuthenticators: true}
Session ID: 703e92773e3d8a59c8dbddae3ae060d2]]>
            </message>
            <full-stacktrace>
              <![CDATA[org.openqa.selenium.TimeoutException: Expected condition failed: waiting for element to be clickable: [[EdgeDriver: MicrosoftEdge on windows (703e92773e3d8a59c8dbddae3ae060d2)] -> xpath: //li[@class="linklist__item"]/a[contains(text(),'AC Comforter')]] (tried for 10 second(s) with 500 milliseconds interval)
Build info: version: '4.27.0', revision: 'd6e718d134'
System info: os.name: 'Windows 11', os.arch: 'amd64', os.version: '10.0', java.version: '21.0.3'
Driver info: org.openqa.selenium.edge.EdgeDriver
Capabilities {acceptInsecureCerts: false, browserName: MicrosoftEdge, browserVersion: 133.0.3065.69, fedcm:accounts: true, ms:edgeOptions: {debuggerAddress: localhost:62786}, msedge: {msedgedriverVersion: 133.0.3065.69 (c3f010c11f3e..., userDataDir: C:\Users\VC114136\AppData\L...}, networkConnectionEnabled: false, pageLoadStrategy: normal, platformName: windows, proxy: Proxy(), se:cdp: ws://localhost:62786/devtoo..., se:cdpVersion: 133.0.3065.69, setWindowRect: true, strictFileInteractability: false, timeouts: {implicit: 0, pageLoad: 300000, script: 30000}, unhandledPromptBehavior: dismiss and notify, webauthn:extension:credBlob: true, webauthn:extension:largeBlob: true, webauthn:extension:minPinLength: true, webauthn:extension:prf: true, webauthn:virtualAuthenticators: true}
Session ID: 703e92773e3d8a59c8dbddae3ae060d2
at org.openqa.selenium.support.ui.WebDriverWait.timeoutException(WebDriverWait.java:84)
at org.openqa.selenium.support.ui.FluentWait.until(FluentWait.java:228)
at genericLibraries.WebDriverUtilities.waitElementClick(WebDriverUtilities.java:116)
at pom.NavigationBar.clickAcComforts(NavigationBar.java:50)
at testscripts.TC01_AddProductToCart.addToCart(TC01_AddProductToCart.java:50)
at java.base/jdk.internal.reflect.DirectMethodHandleAccessor.invoke(DirectMethodHandleAccessor.java:103)
at java.base/java.lang.reflect.Method.invoke(Method.java:580)
at org.testng.internal.MethodInvocationHelper.invokeMethod(MethodInvocationHelper.java:133)
at org.testng.internal.TestInvoker.invokeMethod(TestInvoker.java:598)
at org.testng.internal.TestInvoker.invokeTestMethod(TestInvoker.java:173)
at org.testng.internal.MethodRunner.runInSequence(MethodRunner.java:46)
at org.testng.internal.TestInvoker$MethodInvocationAgent.invoke(TestInvoker.java:824)
at org.testng.internal.TestInvoker.invokeTestMethods(TestInvoker.java:146)
at org.testng.internal.TestMethodWorker.invokeTestMethods(TestMethodWorker.java:146)
at org.testng.internal.TestMethodWorker.run(TestMethodWorker.java:128)
at java.base/java.util.ArrayList.forEach(ArrayList.java:1596)
at org.testng.TestRunner.privateRun(TestRunner.java:794)
at org.testng.TestRunner.run(TestRunner.java:596)
at org.testng.SuiteRunner.runTest(SuiteRunner.java:377)
at org.testng.SuiteRunner.runSequentially(SuiteRunner.java:371)
at org.testng.SuiteRunner.privateRun(SuiteRunner.java:332)
at org.testng.SuiteRunner.run(SuiteRunner.java:276)
at org.testng.SuiteRunnerWorker.runSuite(SuiteRunnerWorker.java:53)
at org.testng.SuiteRunnerWorker.run(SuiteRunnerWorker.java:96)
at org.testng.TestNG.runSuitesSequentially(TestNG.java:1212)
at org.testng.TestNG.runSuitesLocally(TestNG.java:1134)
at org.testng.TestNG.runSuites(TestNG.java:1063)
at org.testng.TestNG.run(TestNG.java:1031)
at org.testng.remote.AbstractRemoteTestNG.run(AbstractRemoteTestNG.java:115)
at org.testng.remote.RemoteTestNG.initAndRun(RemoteTestNG.java:293)
at org.testng.remote.RemoteTestNG.main(RemoteTestNG.java:91)
]]>
            </full-stacktrace>
          </exception> <!-- org.openqa.selenium.TimeoutException -->
          <reporter-output>
          </reporter-output>
        </test-method> <!-- addToCart -->
        <test-method is-config="true" signature="closeApp()[pri:0, instance:testscripts.TC01_AddProductToCart@35cabb2a]" started-at="2025-02-20T23:32:10 IST" name="closeApp" finished-at="2025-02-20T23:32:12 IST" duration-ms="2361" status="PASS">
          <reporter-output>
          </reporter-output>
        </test-method> <!-- closeApp -->
      </class> <!-- testscripts.TC01_AddProductToCart -->
      <class name="testscripts.TC06_AddAddress">
        <test-method is-config="true" signature="openApp()[pri:0, instance:testscripts.TC06_AddAddress@7e07db1f]" started-at="2025-02-20T23:32:12 IST" name="openApp" finished-at="2025-02-20T23:32:24 IST" duration-ms="11485" status="PASS">
          <reporter-output>
          </reporter-output>
        </test-method> <!-- openApp -->
        <test-method signature="addAddress()[pri:0, instance:testscripts.TC06_AddAddress@7e07db1f]" started-at="2025-02-20T23:32:24 IST" name="addAddress" finished-at="2025-02-20T23:32:45 IST" duration-ms="21572" status="PASS">
          <reporter-output>
          </reporter-output>
        </test-method> <!-- addAddress -->
        <test-method is-config="true" signature="closeApp()[pri:0, instance:testscripts.TC06_AddAddress@7e07db1f]" started-at="2025-02-20T23:32:45 IST" name="closeApp" finished-at="2025-02-20T23:32:48 IST" duration-ms="2211" status="PASS">
          <reporter-output>
          </reporter-output>
        </test-method> <!-- closeApp -->
      </class> <!-- testscripts.TC06_AddAddress -->
      <class name="testscripts.TC04_InitiateCheckout">
        <test-method is-config="true" signature="openApp()[pri:0, instance:testscripts.TC04_InitiateCheckout@3bb9a3ff]" started-at="2025-02-20T23:30:51 IST" name="openApp" finished-at="2025-02-20T23:31:07 IST" duration-ms="15880" status="PASS">
          <reporter-output>
          </reporter-output>
        </test-method> <!-- openApp -->
        <test-method signature="addToCartAndCheckout()[pri:0, instance:testscripts.TC04_InitiateCheckout@3bb9a3ff]" started-at="2025-02-20T23:31:07 IST" name="addToCartAndCheckout" finished-at="2025-02-20T23:31:34 IST" duration-ms="26745" status="PASS">
          <reporter-output>
          </reporter-output>
        </test-method> <!-- addToCartAndCheckout -->
        <test-method is-config="true" signature="closeApp()[pri:0, instance:testscripts.TC04_InitiateCheckout@3bb9a3ff]" started-at="2025-02-20T23:31:34 IST" name="closeApp" finished-at="2025-02-20T23:31:36 IST" duration-ms="2387" status="PASS">
          <reporter-output>
          </reporter-output>
        </test-method> <!-- closeApp -->
      </class> <!-- testscripts.TC04_InitiateCheckout -->
      <class name="testscripts.TC05_manufactureAddress">
        <test-method is-config="true" signature="openApp()[pri:0, instance:testscripts.TC05_manufactureAddress@36bc55de]" started-at="2025-02-20T23:33:48 IST" name="openApp" finished-at="2025-02-20T23:33:59 IST" duration-ms="11363" status="PASS">
          <reporter-output>
          </reporter-output>
        </test-method> <!-- openApp -->
        <test-method signature="getManufactureAddress()[pri:0, instance:testscripts.TC05_manufactureAddress@36bc55de]" started-at="2025-02-20T23:33:59 IST" name="getManufactureAddress" finished-at="2025-02-20T23:34:26 IST" duration-ms="26559" status="PASS">
          <reporter-output>
          </reporter-output>
        </test-method> <!-- getManufactureAddress -->
        <test-method is-config="true" signature="closeApp()[pri:0, instance:testscripts.TC05_manufactureAddress@36bc55de]" started-at="2025-02-20T23:34:26 IST" name="closeApp" finished-at="2025-02-20T23:34:27 IST" duration-ms="1708" status="PASS">
          <reporter-output>
          </reporter-output>
        </test-method> <!-- closeApp -->
      </class> <!-- testscripts.TC05_manufactureAddress -->
      <class name="testscripts.TC07_DeleteAddress">
        <test-method is-config="true" signature="openApp()[pri:0, instance:testscripts.TC07_DeleteAddress@564fabc8]" started-at="2025-02-20T23:34:27 IST" name="openApp" finished-at="2025-02-20T23:34:39 IST" duration-ms="11449" status="PASS">
          <reporter-output>
          </reporter-output>
        </test-method> <!-- openApp -->
        <test-method signature="deleteAddress()[pri:0, instance:testscripts.TC07_DeleteAddress@564fabc8]" started-at="2025-02-20T23:34:39 IST" name="deleteAddress" finished-at="2025-02-20T23:34:51 IST" duration-ms="12334" status="PASS">
          <reporter-output>
          </reporter-output>
        </test-method> <!-- deleteAddress -->
        <test-method is-config="true" signature="closeApp()[pri:0, instance:testscripts.TC07_DeleteAddress@564fabc8]" started-at="2025-02-20T23:34:51 IST" name="closeApp" finished-at="2025-02-20T23:34:53 IST" duration-ms="1705" status="PASS">
          <reporter-output>
          </reporter-output>
        </test-method> <!-- closeApp -->
      </class> <!-- testscripts.TC07_DeleteAddress -->
      <class name="testscripts.TC09_AddToWishlistAndCart">
        <test-method is-config="true" signature="openApp()[pri:0, instance:testscripts.TC09_AddToWishlistAndCart@16d04d3d]" started-at="2025-02-20T23:34:53 IST" name="openApp" finished-at="2025-02-20T23:35:04 IST" duration-ms="10773" status="PASS">
          <reporter-output>
          </reporter-output>
        </test-method> <!-- openApp -->
        <test-method signature="addToCart()[pri:0, instance:testscripts.TC09_AddToWishlistAndCart@16d04d3d]" started-at="2025-02-20T23:35:04 IST" name="addToCart" finished-at="2025-02-20T23:35:21 IST" duration-ms="17237" status="PASS">
          <reporter-output>
          </reporter-output>
        </test-method> <!-- addToCart -->
        <test-method is-config="true" signature="closeApp()[pri:0, instance:testscripts.TC09_AddToWishlistAndCart@16d04d3d]" started-at="2025-02-20T23:35:21 IST" name="closeApp" finished-at="2025-02-20T23:35:23 IST" duration-ms="1797" status="PASS">
          <reporter-output>
          </reporter-output>
        </test-method> <!-- closeApp -->
      </class> <!-- testscripts.TC09_AddToWishlistAndCart -->
      <class name="testscripts.TC02_HandTowelProductAdding">
        <test-method is-config="true" signature="openApp()[pri:0, instance:testscripts.TC02_HandTowelProductAdding@1d2adfbe]" started-at="2025-02-20T23:35:55 IST" name="openApp" finished-at="2025-02-20T23:36:07 IST" duration-ms="11555" status="PASS">
          <reporter-output>
          </reporter-output>
        </test-method> <!-- openApp -->
        <test-method signature="addToWishlist()[pri:0, instance:testscripts.TC02_HandTowelProductAdding@1d2adfbe]" started-at="2025-02-20T23:36:07 IST" name="addToWishlist" finished-at="2025-02-20T23:36:34 IST" duration-ms="27150" status="PASS">
          <reporter-output>
          </reporter-output>
        </test-method> <!-- addToWishlist -->
        <test-method is-config="true" signature="closeApp()[pri:0, instance:testscripts.TC02_HandTowelProductAdding@1d2adfbe]" started-at="2025-02-20T23:36:34 IST" name="closeApp" finished-at="2025-02-20T23:36:36 IST" duration-ms="1941" status="PASS">
          <reporter-output>
          </reporter-output>
        </test-method> <!-- closeApp -->
      </class> <!-- testscripts.TC02_HandTowelProductAdding -->
      <class name="testscripts.TC03_VerifyPincode">
        <test-method is-config="true" signature="openApp()[pri:0, instance:testscripts.TC03_VerifyPincode@49ec71f8]" started-at="2025-02-20T23:35:23 IST" name="openApp" finished-at="2025-02-20T23:35:34 IST" duration-ms="11660" status="PASS">
          <reporter-output>
          </reporter-output>
        </test-method> <!-- openApp -->
        <test-method signature="checkPincodeAndDelivery()[pri:0, instance:testscripts.TC03_VerifyPincode@49ec71f8]" started-at="2025-02-20T23:35:34 IST" name="checkPincodeAndDelivery" finished-at="2025-02-20T23:35:53 IST" duration-ms="18760" status="FAIL">
          <exception class="org.openqa.selenium.TimeoutException">
            <message>
              <![CDATA[Expected condition failed: waiting for visibility of [[EdgeDriver: MicrosoftEdge on windows (02f4d82ab3ab4ecc0e98bc1c973453d5)] -> xpath: //li[@class="linklist__item"]/a[contains(text(),'Round Neck Sweaters')]] (tried for 10 second(s) with 500 milliseconds interval)
Build info: version: '4.27.0', revision: 'd6e718d134'
System info: os.name: 'Windows 11', os.arch: 'amd64', os.version: '10.0', java.version: '21.0.3'
Driver info: org.openqa.selenium.edge.EdgeDriver
Capabilities {acceptInsecureCerts: false, browserName: MicrosoftEdge, browserVersion: 133.0.3065.69, fedcm:accounts: true, ms:edgeOptions: {debuggerAddress: localhost:65359}, msedge: {msedgedriverVersion: 133.0.3065.69 (c3f010c11f3e..., userDataDir: C:\Users\VC114136\AppData\L...}, networkConnectionEnabled: false, pageLoadStrategy: normal, platformName: windows, proxy: Proxy(), se:cdp: ws://localhost:65359/devtoo..., se:cdpVersion: 133.0.3065.69, setWindowRect: true, strictFileInteractability: false, timeouts: {implicit: 0, pageLoad: 300000, script: 30000}, unhandledPromptBehavior: dismiss and notify, webauthn:extension:credBlob: true, webauthn:extension:largeBlob: true, webauthn:extension:minPinLength: true, webauthn:extension:prf: true, webauthn:virtualAuthenticators: true}
Session ID: 02f4d82ab3ab4ecc0e98bc1c973453d5]]>
            </message>
            <full-stacktrace>
              <![CDATA[org.openqa.selenium.TimeoutException: Expected condition failed: waiting for visibility of [[EdgeDriver: MicrosoftEdge on windows (02f4d82ab3ab4ecc0e98bc1c973453d5)] -> xpath: //li[@class="linklist__item"]/a[contains(text(),'Round Neck Sweaters')]] (tried for 10 second(s) with 500 milliseconds interval)
Build info: version: '4.27.0', revision: 'd6e718d134'
System info: os.name: 'Windows 11', os.arch: 'amd64', os.version: '10.0', java.version: '21.0.3'
Driver info: org.openqa.selenium.edge.EdgeDriver
Capabilities {acceptInsecureCerts: false, browserName: MicrosoftEdge, browserVersion: 133.0.3065.69, fedcm:accounts: true, ms:edgeOptions: {debuggerAddress: localhost:65359}, msedge: {msedgedriverVersion: 133.0.3065.69 (c3f010c11f3e..., userDataDir: C:\Users\VC114136\AppData\L...}, networkConnectionEnabled: false, pageLoadStrategy: normal, platformName: windows, proxy: Proxy(), se:cdp: ws://localhost:65359/devtoo..., se:cdpVersion: 133.0.3065.69, setWindowRect: true, strictFileInteractability: false, timeouts: {implicit: 0, pageLoad: 300000, script: 30000}, unhandledPromptBehavior: dismiss and notify, webauthn:extension:credBlob: true, webauthn:extension:largeBlob: true, webauthn:extension:minPinLength: true, webauthn:extension:prf: true, webauthn:virtualAuthenticators: true}
Session ID: 02f4d82ab3ab4ecc0e98bc1c973453d5
at org.openqa.selenium.support.ui.WebDriverWait.timeoutException(WebDriverWait.java:84)
at org.openqa.selenium.support.ui.FluentWait.until(FluentWait.java:228)
at genericLibraries.WebDriverUtilities.waitElement(WebDriverUtilities.java:106)
at pom.NavigationBar.clickRoundNeckSweaters(NavigationBar.java:55)
at testscripts.TC03_VerifyPincode.checkPincodeAndDelivery(TC03_VerifyPincode.java:53)
at java.base/jdk.internal.reflect.DirectMethodHandleAccessor.invoke(DirectMethodHandleAccessor.java:103)
at java.base/java.lang.reflect.Method.invoke(Method.java:580)
at org.testng.internal.MethodInvocationHelper.invokeMethod(MethodInvocationHelper.java:133)
at org.testng.internal.TestInvoker.invokeMethod(TestInvoker.java:598)
at org.testng.internal.TestInvoker.invokeTestMethod(TestInvoker.java:173)
at org.testng.internal.MethodRunner.runInSequence(MethodRunner.java:46)
at org.testng.internal.TestInvoker$MethodInvocationAgent.invoke(TestInvoker.java:824)
at org.testng.internal.TestInvoker.invokeTestMethods(TestInvoker.java:146)
at org.testng.internal.TestMethodWorker.invokeTestMethods(TestMethodWorker.java:146)
at org.testng.internal.TestMethodWorker.run(TestMethodWorker.java:128)
at java.base/java.util.ArrayList.forEach(ArrayList.java:1596)
at org.testng.TestRunner.privateRun(TestRunner.java:794)
at org.testng.TestRunner.run(TestRunner.java:596)
at org.testng.SuiteRunner.runTest(SuiteRunner.java:377)
at org.testng.SuiteRunner.runSequentially(SuiteRunner.java:371)
at org.testng.SuiteRunner.privateRun(SuiteRunner.java:332)
at org.testng.SuiteRunner.run(SuiteRunner.java:276)
at org.testng.SuiteRunnerWorker.runSuite(SuiteRunnerWorker.java:53)
at org.testng.SuiteRunnerWorker.run(SuiteRunnerWorker.java:96)
at org.testng.TestNG.runSuitesSequentially(TestNG.java:1212)
at org.testng.TestNG.runSuitesLocally(TestNG.java:1134)
at org.testng.TestNG.runSuites(TestNG.java:1063)
at org.testng.TestNG.run(TestNG.java:1031)
at org.testng.remote.AbstractRemoteTestNG.run(AbstractRemoteTestNG.java:115)
at org.testng.remote.RemoteTestNG.initAndRun(RemoteTestNG.java:293)
at org.testng.remote.RemoteTestNG.main(RemoteTestNG.java:91)
]]>
            </full-stacktrace>
          </exception> <!-- org.openqa.selenium.TimeoutException -->
          <reporter-output>
          </reporter-output>
        </test-method> <!-- checkPincodeAndDelivery -->
        <test-method is-config="true" signature="closeApp()[pri:0, instance:testscripts.TC03_VerifyPincode@49ec71f8]" started-at="2025-02-20T23:35:53 IST" name="closeApp" finished-at="2025-02-20T23:35:55 IST" duration-ms="1777" status="PASS">
          <reporter-output>
          </reporter-output>
        </test-method> <!-- closeApp -->
      </class> <!-- testscripts.TC03_VerifyPincode -->
      <class name="testscripts.TC10_ProductVerification">
        <test-method is-config="true" signature="openApp()[pri:0, instance:testscripts.TC10_ProductVerification@36902638]" started-at="2025-02-20T23:36:36 IST" name="openApp" finished-at="2025-02-20T23:36:51 IST" duration-ms="15295" status="PASS">
          <reporter-output>
          </reporter-output>
        </test-method> <!-- openApp -->
        <test-method signature="verifyProduct()[pri:0, instance:testscripts.TC10_ProductVerification@36902638]" started-at="2025-02-20T23:36:51 IST" name="verifyProduct" finished-at="2025-02-20T23:37:10 IST" duration-ms="18836" status="FAIL">
          <exception class="org.openqa.selenium.ElementClickInterceptedException">
            <message>
              <![CDATA[element click intercepted: Element <button is="toggle-button" loader="" aria-controls="product-template--24170044358944__featured-collections-4e24c60f-584d-4966-a5a9-c2a7f5362b3f-8790724116768-drawer" aria-expanded="false" class="button button--outline button--text button--full  hidden-touch hidden-phone">...</button> is not clickable at point (485, 516). Other element would receive the click: <img src="//www.montecarlo.in/cdn/shop/products/223061535-1-38_5.jpg?v=1697896077&amp;width=1080" alt="Men Grey Solid Stand Collar Full Sleeve Tracksuits" srcset="//www.montecarlo.in/cdn/shop/products/223061535-1-38_5.jpg?v=1697896077&amp;width=200 200w, //www.montecarlo.in/cdn/shop/products/223061535-1-38_5.jpg?v=1697896077&amp;width=300 300w, //www.montecarlo.in/cdn/shop/products/223061535-1-38_5.jpg?v=1697896077&amp;width=400 400w, //www.montecarlo.in/cdn/shop/products/223061535-1-38_5.jpg?v=1697896077&amp;width=500 500w, //www.montecarlo.in/cdn/shop/products/223061535-1-38_5.jpg?v=1697896077&amp;width=600 600w, //www.montecarlo.in/cdn/shop/products/223061535-1-38_5.jpg?v=1697896077&amp;width=700 700w, //www.montecarlo.in/cdn/shop/products/223061535-1-38_5.jpg?v=1697896077&amp;width=800 800w, //www.montecarlo.in/cdn/shop/products/223061535-1-38_5.jpg?v=1697896077&amp;width=900 900w, //www.montecarlo.in/cdn/shop/products/223061535-1-38_5.jpg?v=1697896077&amp;width=1000 1000w" width="1080" height="1440" loading="lazy" sizes="(max-width: 740px) 52vw, calc(min(100vw - 80px, 1520px) / 4 - 18px)" class="product-item__primary-image" data-media-id="35575659757856">
  (Session info: MicrosoftEdge=133.0.3065.69)
Build info: version: '4.27.0', revision: 'd6e718d134'
System info: os.name: 'Windows 11', os.arch: 'amd64', os.version: '10.0', java.version: '21.0.3'
Driver info: org.openqa.selenium.edge.EdgeDriver
Command: [5e6f4a03c71cd144002bee076e1aa16f, clickElement {id=f.7AA258A12D970844DF483242E4247527.d.434456DD5632ED331171349DF25E247C.e.369}]
Capabilities {acceptInsecureCerts: false, browserName: MicrosoftEdge, browserVersion: 133.0.3065.69, fedcm:accounts: true, ms:edgeOptions: {debuggerAddress: localhost:49907}, msedge: {msedgedriverVersion: 133.0.3065.69 (c3f010c11f3e..., userDataDir: C:\Users\VC114136\AppData\L...}, networkConnectionEnabled: false, pageLoadStrategy: normal, platformName: windows, proxy: Proxy(), se:cdp: ws://localhost:49907/devtoo..., se:cdpVersion: 133.0.3065.69, setWindowRect: true, strictFileInteractability: false, timeouts: {implicit: 0, pageLoad: 300000, script: 30000}, unhandledPromptBehavior: dismiss and notify, webauthn:extension:credBlob: true, webauthn:extension:largeBlob: true, webauthn:extension:minPinLength: true, webauthn:extension:prf: true, webauthn:virtualAuthenticators: true}
Element: [[EdgeDriver: MicrosoftEdge on windows (5e6f4a03c71cd144002bee076e1aa16f)] -> xpath: *//product-list[2]//product-item/div[2]/div[1]/button[1]]
Session ID: 5e6f4a03c71cd144002bee076e1aa16f]]>
            </message>
            <full-stacktrace>
              <![CDATA[org.openqa.selenium.ElementClickInterceptedException: element click intercepted: Element <button is="toggle-button" loader="" aria-controls="product-template--24170044358944__featured-collections-4e24c60f-584d-4966-a5a9-c2a7f5362b3f-8790724116768-drawer" aria-expanded="false" class="button button--outline button--text button--full  hidden-touch hidden-phone">...</button> is not clickable at point (485, 516). Other element would receive the click: <img src="//www.montecarlo.in/cdn/shop/products/223061535-1-38_5.jpg?v=1697896077&amp;width=1080" alt="Men Grey Solid Stand Collar Full Sleeve Tracksuits" srcset="//www.montecarlo.in/cdn/shop/products/223061535-1-38_5.jpg?v=1697896077&amp;width=200 200w, //www.montecarlo.in/cdn/shop/products/223061535-1-38_5.jpg?v=1697896077&amp;width=300 300w, //www.montecarlo.in/cdn/shop/products/223061535-1-38_5.jpg?v=1697896077&amp;width=400 400w, //www.montecarlo.in/cdn/shop/products/223061535-1-38_5.jpg?v=1697896077&amp;width=500 500w, //www.montecarlo.in/cdn/shop/products/223061535-1-38_5.jpg?v=1697896077&amp;width=600 600w, //www.montecarlo.in/cdn/shop/products/223061535-1-38_5.jpg?v=1697896077&amp;width=700 700w, //www.montecarlo.in/cdn/shop/products/223061535-1-38_5.jpg?v=1697896077&amp;width=800 800w, //www.montecarlo.in/cdn/shop/products/223061535-1-38_5.jpg?v=1697896077&amp;width=900 900w, //www.montecarlo.in/cdn/shop/products/223061535-1-38_5.jpg?v=1697896077&amp;width=1000 1000w" width="1080" height="1440" loading="lazy" sizes="(max-width: 740px) 52vw, calc(min(100vw - 80px, 1520px) / 4 - 18px)" class="product-item__primary-image" data-media-id="35575659757856">
  (Session info: MicrosoftEdge=133.0.3065.69)
Build info: version: '4.27.0', revision: 'd6e718d134'
System info: os.name: 'Windows 11', os.arch: 'amd64', os.version: '10.0', java.version: '21.0.3'
Driver info: org.openqa.selenium.edge.EdgeDriver
Command: [5e6f4a03c71cd144002bee076e1aa16f, clickElement {id=f.7AA258A12D970844DF483242E4247527.d.434456DD5632ED331171349DF25E247C.e.369}]
Capabilities {acceptInsecureCerts: false, browserName: MicrosoftEdge, browserVersion: 133.0.3065.69, fedcm:accounts: true, ms:edgeOptions: {debuggerAddress: localhost:49907}, msedge: {msedgedriverVersion: 133.0.3065.69 (c3f010c11f3e..., userDataDir: C:\Users\VC114136\AppData\L...}, networkConnectionEnabled: false, pageLoadStrategy: normal, platformName: windows, proxy: Proxy(), se:cdp: ws://localhost:49907/devtoo..., se:cdpVersion: 133.0.3065.69, setWindowRect: true, strictFileInteractability: false, timeouts: {implicit: 0, pageLoad: 300000, script: 30000}, unhandledPromptBehavior: dismiss and notify, webauthn:extension:credBlob: true, webauthn:extension:largeBlob: true, webauthn:extension:minPinLength: true, webauthn:extension:prf: true, webauthn:virtualAuthenticators: true}
Element: [[EdgeDriver: MicrosoftEdge on windows (5e6f4a03c71cd144002bee076e1aa16f)] -> xpath: *//product-list[2]//product-item/div[2]/div[1]/button[1]]
Session ID: 5e6f4a03c71cd144002bee076e1aa16f
at java.base/jdk.internal.reflect.DirectConstructorHandleAccessor.newInstance(DirectConstructorHandleAccessor.java:62)
at java.base/java.lang.reflect.Constructor.newInstanceWithCaller(Constructor.java:502)
at java.base/java.lang.reflect.Constructor.newInstance(Constructor.java:486)
at org.openqa.selenium.remote.ErrorCodec.decode(ErrorCodec.java:167)
at org.openqa.selenium.remote.codec.w3c.W3CHttpResponseCodec.decode(W3CHttpResponseCodec.java:138)
at org.openqa.selenium.remote.codec.w3c.W3CHttpResponseCodec.decode(W3CHttpResponseCodec.java:50)
at org.openqa.selenium.remote.HttpCommandExecutor.execute(HttpCommandExecutor.java:190)
at org.openqa.selenium.remote.service.DriverCommandExecutor.invokeExecute(DriverCommandExecutor.java:216)
at org.openqa.selenium.remote.service.DriverCommandExecutor.execute(DriverCommandExecutor.java:174)
at org.openqa.selenium.remote.RemoteWebDriver.execute(RemoteWebDriver.java:545)
at org.openqa.selenium.remote.RemoteWebElement.execute(RemoteWebElement.java:223)
at org.openqa.selenium.remote.RemoteWebElement.click(RemoteWebElement.java:76)
at pom.MonteCarloPage.hoverAndClickNewArrivalProduct(MonteCarloPage.java:74)
at testscripts.TC10_ProductVerification.verifyProduct(TC10_ProductVerification.java:77)
at java.base/jdk.internal.reflect.DirectMethodHandleAccessor.invoke(DirectMethodHandleAccessor.java:103)
at java.base/java.lang.reflect.Method.invoke(Method.java:580)
at org.testng.internal.MethodInvocationHelper.invokeMethod(MethodInvocationHelper.java:133)
at org.testng.internal.TestInvoker.invokeMethod(TestInvoker.java:598)
at org.testng.internal.TestInvoker.invokeTestMethod(TestInvoker.java:173)
at org.testng.internal.MethodRunner.runInSequence(MethodRunner.java:46)
at org.testng.internal.TestInvoker$MethodInvocationAgent.invoke(TestInvoker.java:824)
at org.testng.internal.TestInvoker.invokeTestMethods(TestInvoker.java:146)
at org.testng.internal.TestMethodWorker.invokeTestMethods(TestMethodWorker.java:146)
at org.testng.internal.TestMethodWorker.run(TestMethodWorker.java:128)
at java.base/java.util.ArrayList.forEach(ArrayList.java:1596)
at org.testng.TestRunner.privateRun(TestRunner.java:794)
at org.testng.TestRunner.run(TestRunner.java:596)
at org.testng.SuiteRunner.runTest(SuiteRunner.java:377)
at org.testng.SuiteRunner.runSequentially(SuiteRunner.java:371)
at org.testng.SuiteRunner.privateRun(SuiteRunner.java:332)
at org.testng.SuiteRunner.run(SuiteRunner.java:276)
at org.testng.SuiteRunnerWorker.runSuite(SuiteRunnerWorker.java:53)
at org.testng.SuiteRunnerWorker.run(SuiteRunnerWorker.java:96)
at org.testng.TestNG.runSuitesSequentially(TestNG.java:1212)
at org.testng.TestNG.runSuitesLocally(TestNG.java:1134)
at org.testng.TestNG.runSuites(TestNG.java:1063)
at org.testng.TestNG.run(TestNG.java:1031)
at org.testng.remote.AbstractRemoteTestNG.run(AbstractRemoteTestNG.java:115)
at org.testng.remote.RemoteTestNG.initAndRun(RemoteTestNG.java:293)
at org.testng.remote.RemoteTestNG.main(RemoteTestNG.java:91)
]]>
            </full-stacktrace>
          </exception> <!-- org.openqa.selenium.ElementClickInterceptedException -->
          <reporter-output>
          </reporter-output>
        </test-method> <!-- verifyProduct -->
        <test-method is-config="true" signature="closeApp()[pri:0, instance:testscripts.TC10_ProductVerification@36902638]" started-at="2025-02-20T23:37:10 IST" name="closeApp" finished-at="2025-02-20T23:37:12 IST" duration-ms="1736" status="PASS">
          <reporter-output>
          </reporter-output>
        </test-method> <!-- closeApp -->
      </class> <!-- testscripts.TC10_ProductVerification -->
    </test> <!-- Test -->
  </suite> <!-- Suite -->
</testng-results>
